#-----------------------------------------------------------
# Vivado v2015.2 (64-bit)
# SW Build 1266856 on Fri Jun 26 16:35:25 MDT 2015
# IP Build 1264090 on Wed Jun 24 14:22:01 MDT 2015
# Start of session at: Mon Feb 27 14:54:09 2017
# Process ID: 5304
# Log file: C:/Users/YANGQING/Desktop/computer/MIPS_CPU/vivado.log
# Journal file: C:/Users/YANGQING/Desktop/computer/MIPS_CPU\vivado.jou
#-----------------------------------------------------------
start_gui
open_project C:/Users/YANGQING/Desktop/computer/MIPS_CPU/MIPS_CPU.xpr
INFO: [Project 1-313] Project file moved from 'C:/Users/YANGQING/Desktop/计算机组成原理/MIPS_CPU' since last save.
Scanning sources...
Finished scanning sources
INFO: [IP_Flow 19-234] Refreshing IP repositories
INFO: [IP_Flow 19-1704] No user IP repositories specified
INFO: [IP_Flow 19-2313] Loaded Vivado IP repository 'D:/xvivado/Vivado/2015.2/data/ip'.
open_project: Time (s): cpu = 00:00:14 ; elapsed = 00:00:05 . Memory (MB): peak = 776.156 ; gain = 170.484
reset_run impl_1 -prev_step 
launch_runs impl_1 -to_step write_bitstream
[Mon Feb 27 14:54:55 2017] Launched impl_1...
Run output will be captured here: C:/Users/YANGQING/Desktop/computer/MIPS_CPU/MIPS_CPU.runs/impl_1/runme.log
reset_run impl_1 -prev_step 
WARNING: [Vivado 12-1017] Problems encountered:
1. PID not specified

open_hw
connect_hw_server
INFO: [Labtools 27-2285] Connecting to hw_server url TCP:localhost:3121
open_hw_target [lindex [get_hw_targets -of_objects [get_hw_servers localhost]] 0]
INFO: [Labtoolstcl 44-466] Opening hw_target localhost:3121/xilinx_tcf/Digilent/210274532804A
current_hw_device [lindex [get_hw_devices] 0]
refresh_hw_device -update_hw_probes false [lindex [get_hw_devices] 0]
INFO: [Labtools 27-1434] Device xc7a100t (JTAG device index = 0) is programmed with a design that has no supported debug core(s) in it.
WARNING: [Labtools 27-3123] The debug hub core was not detected at User Scan Chain 1 or 3.
Resolution: 
1. Make sure the clock connected to the debug hub (dbg_hub) core is a free running clock and is active OR
2. Manually launch hw_server with -e "set xsdb-user-bscan <C_USER_SCAN_CHAIN scan_chain_number>" to detect the debug hub at User Scan Chain of 2 or 4. To determine the user scan chain setting, open the implemented design and use: get_property C_USER_SCAN_CHAIN [get_debug_cores dbg_hub].
launch_runs impl_1 -to_step write_bitstream
[Mon Feb 27 14:55:38 2017] Launched impl_1...
Run output will be captured here: C:/Users/YANGQING/Desktop/computer/MIPS_CPU/MIPS_CPU.runs/impl_1/runme.log
ERROR: [Common 17-9] Error reading message records.
ERROR: [Common 17-9] Error reading message records.
ERROR: [Common 17-9] Error reading message records.
ERROR: [Common 17-9] Error reading message records.
ERROR: [Common 17-9] Error reading message records.
ERROR: [Common 17-9] Error reading message records.
set_property PROBES.FILE {} [lindex [get_hw_devices] 0]
set_property PROGRAM.FILE {C:/Users/YANGQING/Desktop/computer/MIPS_CPU/MIPS_CPU.runs/impl_1/MIPS_CPU.bit} [lindex [get_hw_devices] 0]
program_hw_devices [lindex [get_hw_devices] 0]
INFO: [Common 17-41] Interrupt caught. Command should exit soon.
