Copyright 1986-2015 Xilinx, Inc. All Rights Reserved.
-------------------------------------------------------------------------------------------
| Tool Version      : Vivado v.2015.2 (win64) Build 1266856 Fri Jun 26 16:35:25 MDT 2015
| Date              : Mon Feb 27 15:11:26 2017
| Host              : yq running 64-bit major release  (build 9200)
| Command           : report_clock_utilization -file MIPS_CPU_clock_utilization_routed.rpt
| Design            : MIPS_CPU
| Device            : 7a100t-csg324
| Speed File        : -1  PRODUCTION 1.14 2014-09-11
| Temperature Grade : C
-------------------------------------------------------------------------------------------

Clock Utilization Report

Table of Contents
-----------------
1. Clock Primitive Utilization
2. Details of Global Clocks
3. Details of Regional Clocks
4. Details of Multi-Regional Clocks
5. Details of I/O Clocks
6. Details of Local Clocks
7. Clock Regions : Key Resource Utilization
8. Net wise resources used in clock region X0Y0
9. Net wise resources used in clock region X1Y0
10. Net wise resources used in clock region X1Y1

1. Clock Primitive Utilization
------------------------------

+-------+------+-----------+-----------+
| Type  | Used | Available | Num Fixed |
+-------+------+-----------+-----------+
| BUFG  |    7 |        32 |         0 |
| BUFH  |    0 |        96 |         0 |
| BUFIO |    0 |        24 |         0 |
| MMCM  |    0 |         6 |         0 |
| PLL   |    0 |         6 |         0 |
| BUFR  |    0 |        24 |         0 |
| BUFMR |    0 |        12 |         0 |
+-------+------+-----------+-----------+


2. Details of Global Clocks
---------------------------

+-------+------------------------+-------------------+--------------+-------+
|       |                        |                   |   Num Loads  |       |
+-------+------------------------+-------------------+------+-------+-------+
| Index | BUFG Cell              | Net Name          | BELs | Sites | Fixed |
+-------+------------------------+-------------------+------+-------+-------+
|     1 | ExpSrc1_IBUF_BUFG_inst | ExpSrc1_IBUF_BUFG |    1 |     1 |    no |
|     2 | ExpSrc2_IBUF_BUFG_inst | ExpSrc2_IBUF_BUFG |    1 |     1 |    no |
|     3 | ExpSrc3_IBUF_BUFG_inst | ExpSrc3_IBUF_BUFG |    1 |     1 |    no |
|     4 | clk_sys_IBUF_BUFG_inst | clk_sys_IBUF_BUFG |   23 |     6 |    no |
|     5 | PCin_reg[31]_i_4       | clk1              |   32 |    14 |    no |
|     6 | n_0_1684_BUFG_inst     | n_0_1684_BUFG     |   32 |    32 |    no |
|     7 | clk_BUFG_inst          | clk_BUFG          | 2100 |   918 |    no |
+-------+------------------------+-------------------+------+-------+-------+


3. Details of Regional Clocks
-----------------------------

4. Details of Multi-Regional Clocks
-----------------------------------

5. Details of I/O Clocks
------------------------

6. Details of Local Clocks
--------------------------

+-------+-------------------------------+--------------------+--------------+-------+
|       |                               |                    |   Num Loads  |       |
+-------+-------------------------------+--------------------+------+-------+-------+
| Index | Local Clk Src                 | Net Name           | BELs | Sites | Fixed |
+-------+-------------------------------+--------------------+------+-------+-------+
|     1 | clk_divider/clk_group_reg[15] | clk_divider/out[0] |    4 |     3 |    no |
+-------+-------------------------------+--------------------+------+-------+-------+


7. Clock Regions : Key Resource Utilization
-------------------------------------------

+-------------------+--------------+--------------+--------------+--------------+--------------+--------------+--------------+--------------+--------------+--------------+--------------+--------------+--------------+--------------+--------------+
|                   | Global Clock |     BUFRs    |    BUFMRs    |    BUFIOs    |     MMCM     |      PLL     |      GT      |      PCI     |    ILOGIC    |    OLOGIC    |      FF      |     LUTM     |    RAMB18    |    RAMB36    |    DSP48E1   |
+-------------------+------+-------+------+-------+------+-------+------+-------+------+-------+------+-------+------+-------+------+-------+------+-------+------+-------+------+-------+------+-------+------+-------+------+-------+------+-------+
| Clock Region Name | Used | Avail | Used | Avail | Used | Avail | Used | Avail | Used | Avail | Used | Avail | Used | Avail | Used | Avail | Used | Avail | Used | Avail | Used | Avail | Used | Avail | Used | Avail | Used | Avail | Used | Avail |
+-------------------+------+-------+------+-------+------+-------+------+-------+------+-------+------+-------+------+-------+------+-------+------+-------+------+-------+------+-------+------+-------+------+-------+------+-------+------+-------+
| X0Y0              |    1 |    12 |    0 |     4 |    0 |     2 |    0 |     4 |    0 |     1 |    0 |     1 |    0 |     0 |    0 |     0 |    0 |    50 |    0 |    50 |    0 | 20800 |   24 |  2400 |    0 |    20 |    0 |    10 |    0 |    20 |
| X1Y0              |    6 |    12 |    0 |     0 |    0 |     0 |    0 |     0 |    0 |     0 |    0 |     0 |    0 |     5 |    0 |     0 |    0 |     0 |    0 |     0 | 1589 | 12000 |  396 |  2200 |    0 |    40 |    0 |    20 |    3 |    40 |
| X0Y1              |    0 |    12 |    0 |     4 |    0 |     2 |    0 |     4 |    0 |     1 |    0 |     1 |    0 |     0 |    0 |     0 |    0 |    50 |    0 |    50 |    0 | 16000 |    0 |  2400 |    0 |    20 |    0 |    10 |    0 |    20 |
| X1Y1              |    2 |    12 |    0 |     4 |    0 |     2 |    0 |     4 |    0 |     1 |    0 |     1 |    0 |     0 |    0 |     0 |    0 |    50 |    0 |    50 |   92 | 15200 |   92 |  2600 |    0 |    60 |    0 |    30 |    0 |    40 |
| X0Y2              |    0 |    12 |    0 |     4 |    0 |     2 |    0 |     4 |    0 |     1 |    0 |     1 |    0 |     0 |    0 |     0 |    0 |    50 |    0 |    50 |    0 | 16000 |    0 |  2400 |    0 |    20 |    0 |    10 |    0 |    20 |
| X1Y2              |    0 |    12 |    0 |     4 |    0 |     2 |    0 |     4 |    0 |     1 |    0 |     1 |    0 |     0 |    0 |     0 |    0 |    50 |    0 |    50 |    0 | 15200 |    0 |  2600 |    0 |    60 |    0 |    30 |    0 |    40 |
| X0Y3              |    0 |    12 |    0 |     4 |    0 |     2 |    0 |     4 |    0 |     1 |    0 |     1 |    0 |     0 |    0 |     0 |    0 |    50 |    0 |    50 |    0 | 20800 |    0 |  2400 |    0 |    20 |    0 |    10 |    0 |    20 |
| X1Y3              |    0 |    12 |    0 |     0 |    0 |     0 |    0 |     0 |    0 |     0 |    0 |     0 |    0 |     5 |    0 |     1 |    0 |     0 |    0 |     0 |    0 | 10800 |    0 |  2000 |    0 |    30 |    0 |    15 |    0 |    40 |
+-------------------+------+-------+------+-------+------+-------+------+-------+------+-------+------+-------+------+-------+------+-------+------+-------+------+-------+------+-------+------+-------+------+-------+------+-------+------+-------+
* RAMB36 site can be used as two RAMB18/FIFO18 sites.


8. Net wise resources used in clock region X0Y0
-----------------------------------------------

+-------------+-------------+-------+-----------+----------+---------+-----------+---------+---------+-----+-------+----------+----------------+
| Source Type | BUFHCE Site | Fixed | MMCM Pins | PLL Pins | GT Pins | BRAM Pins | ILOGICs | OLOGICs | FFs | LUTMs | DSP48E1s | Clock Net Name |
+-------------+-------------+-------+-----------+----------+---------+-----------+---------+---------+-----+-------+----------+----------------+
| BUFG        | BUFHCE_X0Y8 |   no  |         0 |        0 |       0 |         0 |       0 |       0 |   0 |    24 |        0 | clk_BUFG       |
+-------------+-------------+-------+-----------+----------+---------+-----------+---------+---------+-----+-------+----------+----------------+


9. Net wise resources used in clock region X1Y0
-----------------------------------------------

+-------------+--------------+-------+-----------+----------+---------+-----------+---------+---------+------+-------+----------+-------------------+
| Source Type | BUFHCE Site  | Fixed | MMCM Pins | PLL Pins | GT Pins | BRAM Pins | ILOGICs | OLOGICs |  FFs | LUTMs | DSP48E1s |   Clock Net Name  |
+-------------+--------------+-------+-----------+----------+---------+-----------+---------+---------+------+-------+----------+-------------------+
| BUFG        | BUFHCE_X1Y0  |   no  |         0 |        0 |       0 |         0 |       0 |       0 |    1 |     0 |        0 | ExpSrc1_IBUF_BUFG |
| BUFG        | BUFHCE_X1Y1  |   no  |         0 |        0 |       0 |         0 |       0 |       0 |    1 |     0 |        0 | ExpSrc2_IBUF_BUFG |
| BUFG        | BUFHCE_X1Y2  |   no  |         0 |        0 |       0 |         0 |       0 |       0 |    1 |     0 |        0 | ExpSrc3_IBUF_BUFG |
| BUFG        | BUFHCE_X1Y10 |   no  |         0 |        0 |       0 |         0 |       0 |       0 |    8 |     0 |        0 | clk_sys_IBUF_BUFG |
| BUFG        | BUFHCE_X1Y9  |   no  |         0 |        0 |       0 |         0 |       0 |       0 |   32 |     0 |        0 | clk1              |
| BUFG        | BUFHCE_X1Y8  |   no  |         0 |        0 |       0 |         0 |       0 |       0 | 1514 |   396 |        0 | clk_BUFG          |
+-------------+--------------+-------+-----------+----------+---------+-----------+---------+---------+------+-------+----------+-------------------+


10. Net wise resources used in clock region X1Y1
------------------------------------------------

+-------------+--------------+-------+-----------+----------+---------+-----------+---------+---------+-----+-------+----------+-------------------+
| Source Type | BUFHCE Site  | Fixed | MMCM Pins | PLL Pins | GT Pins | BRAM Pins | ILOGICs | OLOGICs | FFs | LUTMs | DSP48E1s |   Clock Net Name  |
+-------------+--------------+-------+-----------+----------+---------+-----------+---------+---------+-----+-------+----------+-------------------+
| BUFG        | BUFHCE_X1Y21 |   no  |         0 |        0 |       0 |         0 |       0 |       0 |  15 |     0 |        0 | clk_sys_IBUF_BUFG |
| BUFG        | BUFHCE_X1Y20 |   no  |         0 |        0 |       0 |         0 |       0 |       0 |  74 |    92 |        0 | clk_BUFG          |
+-------------+--------------+-------+-----------+----------+---------+-----------+---------+---------+-----+-------+----------+-------------------+



# Location of BUFG Primitives 
set_property LOC BUFGCTRL_X0Y3 [get_cells ExpSrc1_IBUF_BUFG_inst]
set_property LOC BUFGCTRL_X0Y4 [get_cells ExpSrc2_IBUF_BUFG_inst]
set_property LOC BUFGCTRL_X0Y5 [get_cells ExpSrc3_IBUF_BUFG_inst]
set_property LOC BUFGCTRL_X0Y1 [get_cells PCin_reg[31]_i_4]
set_property LOC BUFGCTRL_X0Y0 [get_cells clk_BUFG_inst]
set_property LOC BUFGCTRL_X0Y16 [get_cells clk_sys_IBUF_BUFG_inst]
set_property LOC BUFGCTRL_X0Y2 [get_cells n_0_1684_BUFG_inst]

# Location of IO Clock Primitives

# Location of MMCM Clock Primitives

# Location of BUFH Clock Primitives

# Location of BUFR Clock Primitives

# Location of BUFMR Clock Primitives

# Location of PLL Clock Primitives

# Location of IO Primitives which is load of clock spine

# Location of clock ports
set_property LOC IOB_X0Y69 [get_ports ExpSrc1]
set_property LOC IOB_X0Y127 [get_ports ExpSrc2]
set_property LOC IOB_X0Y50 [get_ports ExpSrc3]
set_property LOC IOB_X1Y126 [get_ports clk_sys]

# Clock net "ExpSrc1_IBUF_BUFG" driven by instance "ExpSrc1_IBUF_BUFG_inst" located at site "BUFGCTRL_X0Y3"
#startgroup
create_pblock {CLKAG_ExpSrc1_IBUF_BUFG}
add_cells_to_pblock [get_pblocks  {CLKAG_ExpSrc1_IBUF_BUFG}] [get_cells -filter { PRIMITIVE_GROUP != I/O && IS_PRIMITIVE==1 && PRIMITIVE_LEVEL !=INTERNAL } -of_object [get_pins -filter {DIRECTION==IN} -of_objects [get_nets -hierarchical -filter {PARENT=="ExpSrc1_IBUF_BUFG"}]]]
resize_pblock [get_pblocks {CLKAG_ExpSrc1_IBUF_BUFG}] -add {CLOCKREGION_X1Y0:CLOCKREGION_X1Y0}
#endgroup

# Clock net "ExpSrc2_IBUF_BUFG" driven by instance "ExpSrc2_IBUF_BUFG_inst" located at site "BUFGCTRL_X0Y4"
#startgroup
create_pblock {CLKAG_ExpSrc2_IBUF_BUFG}
add_cells_to_pblock [get_pblocks  {CLKAG_ExpSrc2_IBUF_BUFG}] [get_cells -filter { PRIMITIVE_GROUP != I/O && IS_PRIMITIVE==1 && PRIMITIVE_LEVEL !=INTERNAL } -of_object [get_pins -filter {DIRECTION==IN} -of_objects [get_nets -hierarchical -filter {PARENT=="ExpSrc2_IBUF_BUFG"}]]]
resize_pblock [get_pblocks {CLKAG_ExpSrc2_IBUF_BUFG}] -add {CLOCKREGION_X1Y0:CLOCKREGION_X1Y0}
#endgroup

# Clock net "ExpSrc3_IBUF_BUFG" driven by instance "ExpSrc3_IBUF_BUFG_inst" located at site "BUFGCTRL_X0Y5"
#startgroup
create_pblock {CLKAG_ExpSrc3_IBUF_BUFG}
add_cells_to_pblock [get_pblocks  {CLKAG_ExpSrc3_IBUF_BUFG}] [get_cells -filter { PRIMITIVE_GROUP != I/O && IS_PRIMITIVE==1 && PRIMITIVE_LEVEL !=INTERNAL } -of_object [get_pins -filter {DIRECTION==IN} -of_objects [get_nets -hierarchical -filter {PARENT=="ExpSrc3_IBUF_BUFG"}]]]
resize_pblock [get_pblocks {CLKAG_ExpSrc3_IBUF_BUFG}] -add {CLOCKREGION_X1Y0:CLOCKREGION_X1Y0}
#endgroup

# Clock net "clk1" driven by instance "PCin_reg[31]_i_4" located at site "BUFGCTRL_X0Y1"
#startgroup
create_pblock {CLKAG_clk1}
add_cells_to_pblock [get_pblocks  {CLKAG_clk1}] [get_cells -filter { PRIMITIVE_GROUP != I/O && IS_PRIMITIVE==1 && PRIMITIVE_LEVEL !=INTERNAL } -of_object [get_pins -filter {DIRECTION==IN} -of_objects [get_nets -hierarchical -filter {PARENT=="clk1"}]]]
resize_pblock [get_pblocks {CLKAG_clk1}] -add {CLOCKREGION_X1Y0:CLOCKREGION_X1Y0}
#endgroup

# Clock net "clk_BUFG" driven by instance "clk_BUFG_inst" located at site "BUFGCTRL_X0Y0"
#startgroup
create_pblock {CLKAG_clk_BUFG}
add_cells_to_pblock [get_pblocks  {CLKAG_clk_BUFG}] [get_cells -filter { PRIMITIVE_GROUP != I/O && IS_PRIMITIVE==1 && PRIMITIVE_LEVEL !=INTERNAL } -of_object [get_pins -filter {DIRECTION==IN} -of_objects [get_nets -hierarchical -filter {PARENT=="clk_BUFG"}]]]
resize_pblock [get_pblocks {CLKAG_clk_BUFG}] -add {CLOCKREGION_X0Y0:CLOCKREGION_X0Y0 CLOCKREGION_X1Y0:CLOCKREGION_X1Y0 CLOCKREGION_X1Y1:CLOCKREGION_X1Y1}
#endgroup

# Clock net "clk_divider/out[0]" driven by instance "clk_divider/clk_group_reg[15]" located at site "SLICE_X75Y51"
#startgroup
create_pblock {CLKAG_clk_divider/out[0]}
add_cells_to_pblock [get_pblocks  {CLKAG_clk_divider/out[0]}] [get_cells -filter { PRIMITIVE_GROUP != I/O && IS_PRIMITIVE==1 && PRIMITIVE_LEVEL !=INTERNAL } -of_object [get_pins -filter {DIRECTION==IN} -of_objects [get_nets -hierarchical -filter {PARENT=="clk_divider/out[0]"}]]]
resize_pblock [get_pblocks {CLKAG_clk_divider/out[0]}] -add {CLOCKREGION_X1Y1:CLOCKREGION_X1Y1}
#endgroup

# Clock net "clk_sys_IBUF_BUFG" driven by instance "clk_sys_IBUF_BUFG_inst" located at site "BUFGCTRL_X0Y16"
#startgroup
create_pblock {CLKAG_clk_sys_IBUF_BUFG}
add_cells_to_pblock [get_pblocks  {CLKAG_clk_sys_IBUF_BUFG}] [get_cells -filter { PRIMITIVE_GROUP != I/O && IS_PRIMITIVE==1 && PRIMITIVE_LEVEL !=INTERNAL } -of_object [get_pins -filter {DIRECTION==IN} -of_objects [get_nets -hierarchical -filter {PARENT=="clk_sys_IBUF_BUFG"}]]]
resize_pblock [get_pblocks {CLKAG_clk_sys_IBUF_BUFG}] -add {CLOCKREGION_X1Y0:CLOCKREGION_X1Y0 CLOCKREGION_X1Y1:CLOCKREGION_X1Y1}
#endgroup

# Clock net "n_0_1684_BUFG" driven by instance "n_0_1684_BUFG_inst" located at site "BUFGCTRL_X0Y2"
#startgroup
create_pblock {CLKAG_n_0_1684_BUFG}
add_cells_to_pblock [get_pblocks  {CLKAG_n_0_1684_BUFG}] [get_cells -filter { PRIMITIVE_GROUP != I/O && IS_PRIMITIVE==1 && PRIMITIVE_LEVEL !=INTERNAL } -of_object [get_pins -filter {DIRECTION==IN} -of_objects [get_nets -hierarchical -filter {PARENT=="n_0_1684_BUFG"}]]]
resize_pblock [get_pblocks {CLKAG_n_0_1684_BUFG}] -add {CLOCKREGION_X1Y0:CLOCKREGION_X1Y0}
#endgroup
